<?xml version="1.0" encoding="UTF-8"?>
<testng-results skipped="0" failed="0" total="1" passed="1">
  <reporter-output>
  </reporter-output>
  <suite name="Default suite" duration-ms="40349" started-at="2019-05-07T21:01:30Z" finished-at="2019-05-07T21:02:10Z">
    <groups>
    </groups>
    <test name="Default test" duration-ms="40349" started-at="2019-05-07T21:01:30Z" finished-at="2019-05-07T21:02:10Z">
      <class name="testcases.verifyLoginPage">
        <test-method status="PASS" signature="verifyLogin()[pri:0, instance:testcases.verifyLoginPage@c4c815]" name="verifyLogin" duration-ms="40300" started-at="2019-05-07T17:01:30Z" finished-at="2019-05-07T17:02:10Z">
          <reporter-output>
          </reporter-output>
        </test-method> <!-- verifyLogin -->
      </class> <!-- testcases.verifyLoginPage -->
    </test> <!-- Default test -->
  </suite> <!-- Default suite -->
</testng-results>
